[2024-06-28 23:27:36,331: INFO: main: loading config]
[2024-06-28 23:28:30,472: INFO: main: loading config]
[2024-06-28 23:33:19,467: INFO: main: loading config]
[2024-06-28 23:33:38,968: INFO: main: loading config]
[2024-07-09 23:08:33,918: INFO: main: loading config]
[2024-07-09 23:08:37,954: INFO: main: train test data loaded!!]
[2024-07-09 23:09:40,384: INFO: main: loading config]
[2024-07-09 23:09:43,406: INFO: main: train test data loaded!!]
[2024-07-09 23:09:45,205: INFO: main: bert model is loaded!!]
[2024-07-09 23:10:48,724: INFO: main: loading config]
[2024-07-09 23:10:51,694: INFO: main: train test data loaded!!]
[2024-07-09 23:10:53,888: INFO: main: bert model is loaded!!]
[2024-07-09 23:19:11,832: INFO: main: loading config]
[2024-07-09 23:19:14,702: INFO: main: train test data loaded!!]
[2024-07-09 23:19:16,475: INFO: main: bert model is loaded!!]
[2024-07-09 23:39:35,946: INFO: main: loading config]
[2024-07-09 23:39:39,345: INFO: main: train test data loaded!!]
[2024-07-09 23:39:41,234: INFO: main: bert model is loaded!!]
[2024-07-10 20:48:07,575: INFO: main: loading config]
[2024-07-10 20:48:10,899: INFO: main: train test data loaded!!]
[2024-07-10 20:48:13,690: INFO: main: bert model is loaded!!]
[2024-07-10 20:48:45,705: INFO: evaluation: Accuracy Score = 0.8181818181818182]
[2024-07-10 20:48:45,706: INFO: evaluation: F1 Score (Micro) = 0.0]
[2024-07-10 20:48:45,706: INFO: evaluation: F1 Score (Macro) = 0.0]
[2024-07-10 20:48:45,706: INFO: training: Checkpointing model at epoch 0 and accuracy is: 0.8181818181818182]
[2024-07-10 20:50:58,638: INFO: main: loading config]
[2024-07-10 20:51:01,171: INFO: main: train test data loaded!!]
[2024-07-10 20:51:02,533: INFO: main: bert model is loaded!!]
[2024-07-10 20:51:30,809: INFO: evaluation: Accuracy Score = 0.8181818181818182]
[2024-07-10 20:51:30,809: INFO: evaluation: F1 Score (Micro) = 0.0]
[2024-07-10 20:51:30,809: INFO: evaluation: F1 Score (Macro) = 0.0]
[2024-07-10 20:51:30,810: INFO: training: Checkpointing model at epoch 0 and accuracy is: 0.8181818181818182]
[2024-07-10 20:58:40,217: INFO: main: loading config]
[2024-07-10 20:58:42,664: INFO: main: train test data loaded!!]
[2024-07-10 20:58:44,456: INFO: main: bert model is loaded!!]
[2024-07-10 20:59:20,112: INFO: evaluation: Accuracy Score = 0.8181818181818182]
[2024-07-10 20:59:20,112: INFO: evaluation: F1 Score (Micro) = 0.0]
[2024-07-10 20:59:20,113: INFO: evaluation: F1 Score (Macro) = 0.0]
[2024-07-10 20:59:20,113: INFO: training: Checkpointing model at epoch 0 and accuracy is: 0.8181818181818182]
[2024-07-10 20:59:56,839: INFO: evaluation: Accuracy Score = 0.8181818181818182]
[2024-07-10 20:59:56,840: INFO: evaluation: F1 Score (Micro) = 0.0]
[2024-07-10 20:59:56,840: INFO: evaluation: F1 Score (Macro) = 0.0]
[2024-07-10 20:59:56,840: INFO: training: Checkpointing model at epoch 1 and accuracy is: 0.8181818181818182]
[2024-07-10 21:00:01,519: INFO: main: training is completed!!!]
[2024-07-10 21:00:15,949: INFO: evaluation: Accuracy Score = 0.9696969696969697]
[2024-07-10 21:00:15,949: INFO: evaluation: F1 Score (Micro) = 0.0]
[2024-07-10 21:00:15,949: INFO: evaluation: F1 Score (Macro) = 0.0]
[2024-07-10 21:07:46,316: INFO: main: loading config]
[2024-07-10 21:07:49,413: INFO: main: train test data loaded!!]
[2024-07-10 21:07:51,796: INFO: main: bert model is loaded!!]
[2024-07-10 21:08:20,485: INFO: evaluation: Accuracy Score = 0.8181818181818182]
[2024-07-10 21:08:20,486: INFO: evaluation: F1 Score (Micro) = 0.0]
[2024-07-10 21:08:20,486: INFO: evaluation: F1 Score (Macro) = 0.0]
[2024-07-10 21:08:20,486: INFO: training: Checkpointing model at epoch 0 and accuracy is: 0.8181818181818182]
[2024-07-10 21:08:56,837: INFO: evaluation: Accuracy Score = 0.8181818181818182]
[2024-07-10 21:08:56,837: INFO: evaluation: F1 Score (Micro) = 0.0]
[2024-07-10 21:08:56,838: INFO: evaluation: F1 Score (Macro) = 0.0]
[2024-07-10 21:08:56,838: INFO: training: Checkpointing model at epoch 1 and accuracy is: 0.8181818181818182]
[2024-07-10 21:09:02,822: INFO: main: training is completed!!!]
[2024-07-10 21:09:15,400: INFO: evaluation: Accuracy Score = 0.9696969696969697]
[2024-07-10 21:09:15,401: INFO: evaluation: F1 Score (Micro) = 0.0]
[2024-07-10 21:09:15,401: INFO: evaluation: F1 Score (Macro) = 0.0]
[2024-07-10 21:09:15,403: INFO: main: active run id is: 2165e3aad1a4419fb1706b093c90c73d]
[2024-07-10 21:09:15,403: INFO: main: active run id is: worried-dove-182]
[2024-07-10 21:33:15,659: INFO: main: loading config]
[2024-07-10 21:33:18,235: INFO: main: train test data loaded!!]
[2024-07-10 21:33:19,633: INFO: main: bert model is loaded!!]
[2024-07-10 21:33:50,712: INFO: evaluation: Accuracy Score = 0.8181818181818182]
[2024-07-10 21:33:50,712: INFO: evaluation: F1 Score (Micro) = 0.0]
[2024-07-10 21:33:50,712: INFO: evaluation: F1 Score (Macro) = 0.0]
[2024-07-10 21:33:50,713: INFO: training: Checkpointing model at epoch 0 and accuracy is: 0.8181818181818182]
[2024-07-10 21:34:34,688: INFO: evaluation: Accuracy Score = 0.8181818181818182]
[2024-07-10 21:34:34,689: INFO: evaluation: F1 Score (Micro) = 0.0]
[2024-07-10 21:34:34,689: INFO: evaluation: F1 Score (Macro) = 0.0]
[2024-07-10 21:34:34,689: INFO: training: Checkpointing model at epoch 1 and accuracy is: 0.8181818181818182]
[2024-07-10 21:34:39,547: INFO: main: training is completed!!!]
[2024-07-10 21:34:51,351: INFO: evaluation: Accuracy Score = 0.9696969696969697]
[2024-07-10 21:34:51,351: INFO: evaluation: F1 Score (Micro) = 0.0]
[2024-07-10 21:34:51,351: INFO: evaluation: F1 Score (Macro) = 0.0]
[2024-07-10 21:34:51,353: INFO: main: active run id is: 230f596be15c40bdbccc9a6adccdc19d]
[2024-07-10 21:34:51,353: INFO: main: active run id is: intelligent-hog-150]
[2024-07-10 21:34:51,353: INFO: main: loading the trained model!]
[2024-07-10 21:36:25,113: INFO: main: loading config]
[2024-07-10 21:36:28,283: INFO: main: train test data loaded!!]
[2024-07-10 21:36:30,610: INFO: main: bert model is loaded!!]
[2024-07-10 21:37:00,851: INFO: evaluation: Accuracy Score = 0.8181818181818182]
[2024-07-10 21:37:00,851: INFO: evaluation: F1 Score (Micro) = 0.0]
[2024-07-10 21:37:00,851: INFO: evaluation: F1 Score (Macro) = 0.0]
[2024-07-10 21:37:00,851: INFO: training: Checkpointing model at epoch 0 and accuracy is: 0.8181818181818182]
[2024-07-10 21:37:43,182: INFO: evaluation: Accuracy Score = 0.8181818181818182]
[2024-07-10 21:37:43,183: INFO: evaluation: F1 Score (Micro) = 0.0]
[2024-07-10 21:37:43,183: INFO: evaluation: F1 Score (Macro) = 0.0]
[2024-07-10 21:37:43,183: INFO: training: Checkpointing model at epoch 1 and accuracy is: 0.8181818181818182]
[2024-07-10 21:37:47,829: INFO: main: training is completed!!!]
[2024-07-10 21:37:59,203: INFO: evaluation: Accuracy Score = 0.9696969696969697]
[2024-07-10 21:37:59,204: INFO: evaluation: F1 Score (Micro) = 0.0]
[2024-07-10 21:37:59,204: INFO: evaluation: F1 Score (Macro) = 0.0]
[2024-07-10 21:37:59,209: INFO: main: active run id is: 57b800f68b4e485092efbfa82c595bfc]
[2024-07-10 21:37:59,209: INFO: main: active run id is: masked-slug-280]
[2024-07-10 21:37:59,210: INFO: main: loading the trained model!]
[2024-07-10 21:41:49,393: INFO: main: loading config]
[2024-07-10 21:41:52,542: INFO: main: train test data loaded!!]
[2024-07-10 21:41:54,870: INFO: main: bert model is loaded!!]
[2024-07-10 21:42:26,951: INFO: evaluation: Accuracy Score = 0.8181818181818182]
[2024-07-10 21:42:26,951: INFO: evaluation: F1 Score (Micro) = 0.0]
[2024-07-10 21:42:26,951: INFO: evaluation: F1 Score (Macro) = 0.0]
[2024-07-10 21:42:26,951: INFO: training: Checkpointing model at epoch 0 and accuracy is: 0.8181818181818182]
[2024-07-10 21:43:08,817: INFO: evaluation: Accuracy Score = 0.8181818181818182]
[2024-07-10 21:43:08,818: INFO: evaluation: F1 Score (Micro) = 0.0]
[2024-07-10 21:43:08,818: INFO: evaluation: F1 Score (Macro) = 0.0]
[2024-07-10 21:43:08,818: INFO: training: Checkpointing model at epoch 1 and accuracy is: 0.8181818181818182]
[2024-07-10 21:43:12,989: INFO: main: training is completed!!!]
[2024-07-10 21:43:24,870: INFO: evaluation: Accuracy Score = 0.9696969696969697]
[2024-07-10 21:43:24,871: INFO: evaluation: F1 Score (Micro) = 0.0]
[2024-07-10 21:43:24,871: INFO: evaluation: F1 Score (Macro) = 0.0]
[2024-07-10 21:43:24,873: INFO: main: active run id is: ac669098400b4f9aa56e4bcf60cef452]
[2024-07-10 21:43:24,873: INFO: main: active run id is: sedate-croc-889]
[2024-07-10 21:43:24,873: INFO: main: loading the trained model!]
[2024-07-10 21:50:21,116: INFO: main: loading config]
[2024-07-10 21:50:23,599: INFO: main: train test data loaded!!]
[2024-07-10 21:50:24,999: INFO: main: bert model is loaded!!]
[2024-07-10 21:50:54,358: INFO: evaluation: Accuracy Score = 0.8181818181818182]
[2024-07-10 21:50:54,358: INFO: evaluation: F1 Score (Micro) = 0.0]
[2024-07-10 21:50:54,359: INFO: evaluation: F1 Score (Macro) = 0.0]
[2024-07-10 21:50:54,359: INFO: training: Checkpointing model at epoch 0 and accuracy is: 0.8181818181818182]
[2024-07-10 21:51:29,145: INFO: evaluation: Accuracy Score = 0.8181818181818182]
[2024-07-10 21:51:29,145: INFO: evaluation: F1 Score (Micro) = 0.0]
[2024-07-10 21:51:29,145: INFO: evaluation: F1 Score (Macro) = 0.0]
[2024-07-10 21:51:29,145: INFO: training: Checkpointing model at epoch 1 and accuracy is: 0.8181818181818182]
[2024-07-10 21:51:33,812: INFO: main: training is completed!!!]
[2024-07-10 21:51:43,089: INFO: evaluation: Accuracy Score = 0.9696969696969697]
[2024-07-10 21:51:43,089: INFO: evaluation: F1 Score (Micro) = 0.0]
[2024-07-10 21:51:43,089: INFO: evaluation: F1 Score (Macro) = 0.0]
[2024-07-10 21:51:43,091: INFO: main: active run id is: 0cc9f83f8c38436cb572fe997178af38]
[2024-07-10 21:51:43,091: INFO: main: active run id is: caring-lynx-334]
[2024-07-10 21:51:43,091: INFO: main: loading the trained model!]
[2024-07-10 21:56:35,633: INFO: main: loading config]
[2024-07-10 21:56:38,865: INFO: main: train test data loaded!!]
[2024-07-10 21:56:40,704: INFO: main: bert model is loaded!!]
[2024-07-10 21:57:13,650: INFO: evaluation: Accuracy Score = 0.8181818181818182]
[2024-07-10 21:57:13,651: INFO: evaluation: F1 Score (Micro) = 0.0]
[2024-07-10 21:57:13,651: INFO: evaluation: F1 Score (Macro) = 0.0]
[2024-07-10 21:57:13,651: INFO: training: Checkpointing model at epoch 0 and accuracy is: 0.8181818181818182]
[2024-07-10 21:57:53,975: INFO: evaluation: Accuracy Score = 0.06060606060606061]
[2024-07-10 21:57:53,975: INFO: evaluation: F1 Score (Micro) = 0.24489795918367346]
[2024-07-10 21:57:53,975: INFO: evaluation: F1 Score (Macro) = 0.05128205128205129]
[2024-07-10 21:57:53,975: INFO: training: validation eval is not greater than prev validation eval]
[2024-07-10 21:57:53,976: INFO: main: training is completed!!!]
[2024-07-10 21:58:03,279: INFO: evaluation: Accuracy Score = 0.030303030303030304]
[2024-07-10 21:58:03,279: INFO: evaluation: F1 Score (Micro) = 0.058823529411764705]
[2024-07-10 21:58:03,279: INFO: evaluation: F1 Score (Macro) = 0.00980392156862745]
[2024-07-10 21:58:03,281: INFO: main: active run id is: 29f150b460794a7693fe5ae2a650d10d]
[2024-07-10 21:58:03,281: INFO: main: active run id is: zealous-finch-250]
[2024-07-10 21:58:03,281: INFO: main: loading the trained model!]
[2024-07-10 22:04:13,416: INFO: main: loading config]
[2024-07-10 22:04:16,284: INFO: main: train test data loaded!!]
[2024-07-10 22:04:18,092: INFO: main: bert model is loaded!!]
[2024-07-10 22:04:50,967: INFO: evaluation: Accuracy Score = 0.8181818181818182]
[2024-07-10 22:04:50,967: INFO: evaluation: F1 Score (Micro) = 0.0]
[2024-07-10 22:04:50,968: INFO: evaluation: F1 Score (Macro) = 0.0]
[2024-07-10 22:04:50,968: INFO: training: Checkpointing model at epoch 0 and accuracy is: 0.8181818181818182]
[2024-07-10 22:05:28,424: INFO: evaluation: Accuracy Score = 0.8181818181818182]
[2024-07-10 22:05:28,424: INFO: evaluation: F1 Score (Micro) = 0.0]
[2024-07-10 22:05:28,424: INFO: evaluation: F1 Score (Macro) = 0.0]
[2024-07-10 22:05:28,424: INFO: training: Checkpointing model at epoch 1 and accuracy is: 0.8181818181818182]
[2024-07-10 22:05:33,342: INFO: main: training is completed!!!]
[2024-07-10 22:05:42,906: INFO: evaluation: Accuracy Score = 0.9696969696969697]
[2024-07-10 22:05:42,907: INFO: evaluation: F1 Score (Micro) = 0.0]
[2024-07-10 22:05:42,907: INFO: evaluation: F1 Score (Macro) = 0.0]
[2024-07-10 22:05:42,908: INFO: main: active run id is: 7104e67e7a854be6a1d4bc9f59f4ef98]
[2024-07-10 22:05:42,909: INFO: main: active run id is: rogue-eel-230]
[2024-07-10 22:05:42,909: INFO: main: loading the trained model!]
[2024-07-10 22:07:57,403: INFO: main: loading config]
[2024-07-10 22:07:59,953: INFO: main: train test data loaded!!]
[2024-07-10 22:08:02,197: INFO: main: bert model is loaded!!]
[2024-07-10 22:08:29,463: INFO: evaluation: Accuracy Score = 0.8181818181818182]
[2024-07-10 22:08:29,463: INFO: evaluation: F1 Score (Micro) = 0.0]
[2024-07-10 22:08:29,463: INFO: evaluation: F1 Score (Macro) = 0.0]
[2024-07-10 22:08:29,464: INFO: training: Checkpointing model at epoch 0 and accuracy is: 0.8181818181818182]
[2024-07-10 22:09:07,793: INFO: evaluation: Accuracy Score = 0.06060606060606061]
[2024-07-10 22:09:07,793: INFO: evaluation: F1 Score (Micro) = 0.24489795918367346]
[2024-07-10 22:09:07,793: INFO: evaluation: F1 Score (Macro) = 0.05128205128205129]
[2024-07-10 22:09:07,794: INFO: training: validation eval is not greater than prev validation eval]
[2024-07-10 22:09:07,794: INFO: main: training is completed!!!]
[2024-07-10 22:09:17,219: INFO: evaluation: Accuracy Score = 0.030303030303030304]
[2024-07-10 22:09:17,219: INFO: evaluation: F1 Score (Micro) = 0.058823529411764705]
[2024-07-10 22:09:17,219: INFO: evaluation: F1 Score (Macro) = 0.00980392156862745]
[2024-07-10 22:09:17,221: INFO: main: active run id is: db53755f34d14c2988223d4a19991fe2]
[2024-07-10 22:09:17,222: INFO: main: active run id is: unique-robin-684]
[2024-07-10 22:09:17,222: INFO: main: loading the trained model!]
[2024-07-10 22:11:09,204: INFO: main: loading config]
[2024-07-10 22:11:11,709: INFO: main: train test data loaded!!]
[2024-07-10 22:11:13,214: INFO: main: bert model is loaded!!]
[2024-07-10 22:11:44,792: INFO: evaluation: Accuracy Score = 0.8181818181818182]
[2024-07-10 22:11:44,792: INFO: evaluation: F1 Score (Micro) = 0.0]
[2024-07-10 22:11:44,793: INFO: evaluation: F1 Score (Macro) = 0.0]
[2024-07-10 22:11:44,793: INFO: training: Checkpointing model at epoch 0 and accuracy is: 0.8181818181818182]
[2024-07-10 22:12:27,765: INFO: evaluation: Accuracy Score = 0.06060606060606061]
[2024-07-10 22:12:27,766: INFO: evaluation: F1 Score (Micro) = 0.24489795918367346]
[2024-07-10 22:12:27,766: INFO: evaluation: F1 Score (Macro) = 0.05128205128205129]
[2024-07-10 22:12:27,766: INFO: training: validation eval is not greater than prev validation eval]
[2024-07-10 22:12:27,766: INFO: main: training is completed!!!]
[2024-07-10 22:12:37,221: INFO: evaluation: Accuracy Score = 0.09090909090909091]
[2024-07-10 22:12:37,221: INFO: evaluation: F1 Score (Micro) = 0.0625]
[2024-07-10 22:12:37,221: INFO: evaluation: F1 Score (Macro) = 0.010416666666666666]
[2024-07-10 22:12:37,223: INFO: main: active run id is: a4d39857093847dfb6ecc8f760407b45]
[2024-07-10 22:12:37,223: INFO: main: active run id is: sedate-shad-861]
[2024-07-10 22:12:37,223: INFO: main: loading the trained model!]
[2024-07-10 22:22:52,422: INFO: main: loading config]
[2024-07-10 22:22:55,016: INFO: main: train test data loaded!!]
[2024-07-10 22:22:56,861: INFO: main: bert model is loaded!!]
[2024-07-10 22:23:25,203: INFO: evaluation: Accuracy Score = 0.8181818181818182]
[2024-07-10 22:23:25,203: INFO: evaluation: F1 Score (Micro) = 0.0]
[2024-07-10 22:23:25,203: INFO: evaluation: F1 Score (Macro) = 0.0]
[2024-07-10 22:23:25,204: INFO: training: Checkpointing model at epoch 0 and accuracy is: 0.8181818181818182]
[2024-07-10 22:24:08,378: INFO: evaluation: Accuracy Score = 0.5757575757575758]
[2024-07-10 22:24:08,378: INFO: evaluation: F1 Score (Micro) = 0.375]
[2024-07-10 22:24:08,378: INFO: evaluation: F1 Score (Macro) = 0.0909090909090909]
[2024-07-10 22:24:08,378: INFO: training: validation eval is not greater than prev validation eval]
[2024-07-10 22:24:08,379: INFO: main: training is completed!!!]
[2024-07-10 22:24:17,334: INFO: evaluation: Accuracy Score = 0.5151515151515151]
[2024-07-10 22:24:17,334: INFO: evaluation: F1 Score (Micro) = 0.1111111111111111]
[2024-07-10 22:24:17,334: INFO: evaluation: F1 Score (Macro) = 0.018518518518518517]
[2024-07-10 22:24:17,336: INFO: main: active run id is: 3050bdc7481c46a59ee7e58500cb789b]
[2024-07-10 22:24:17,336: INFO: main: active run id is: serious-moose-786]
[2024-07-10 22:24:17,337: INFO: main: loading the trained model!]
[2024-07-10 22:31:38,116: INFO: main: loading config]
[2024-07-10 22:31:40,658: INFO: main: train test data loaded!!]
[2024-07-10 22:31:41,303: INFO: main: loading the trained model!]
[2024-07-10 22:32:55,005: INFO: main: loading config]
[2024-07-10 22:32:57,501: INFO: main: train test data loaded!!]
[2024-07-10 22:32:58,895: INFO: main: bert model is loaded!!]
[2024-07-10 22:33:32,212: INFO: evaluation: Accuracy Score = 0.8181818181818182]
[2024-07-10 22:33:32,213: INFO: evaluation: F1 Score (Micro) = 0.0]
[2024-07-10 22:33:32,213: INFO: evaluation: F1 Score (Macro) = 0.0]
[2024-07-10 22:33:32,213: INFO: training: Checkpointing model at epoch 0 and accuracy is: 0.8181818181818182]
[2024-07-10 22:41:44,787: INFO: main: loading config]
[2024-07-10 22:41:50,243: INFO: main: train test data loaded!!]
[2024-07-10 22:41:53,997: INFO: main: bert model is loaded!!]
[2024-07-10 22:42:26,906: INFO: evaluation: Accuracy Score = 0.8181818181818182]
[2024-07-10 22:42:26,907: INFO: evaluation: F1 Score (Micro) = 0.0]
[2024-07-10 22:42:26,907: INFO: evaluation: F1 Score (Macro) = 0.0]
[2024-07-10 22:42:26,907: INFO: training: Checkpointing model at epoch 0 and accuracy is: 0.8181818181818182]
[2024-07-10 22:43:08,074: INFO: evaluation: Accuracy Score = 0.7878787878787878]
[2024-07-10 22:43:08,074: INFO: evaluation: F1 Score (Micro) = 0.36363636363636365]
[2024-07-10 22:43:08,074: INFO: evaluation: F1 Score (Macro) = 0.1111111111111111]
[2024-07-10 22:43:08,074: INFO: training: validation eval is not greater than prev validation eval]
[2024-07-10 22:43:08,075: INFO: main: training is completed!!!]
[2024-07-10 22:43:16,710: INFO: evaluation: Accuracy Score = 0.6060606060606061]
[2024-07-10 22:43:16,710: INFO: evaluation: F1 Score (Micro) = 0.13333333333333333]
[2024-07-10 22:43:16,711: INFO: evaluation: F1 Score (Macro) = 0.022222222222222223]
[2024-07-10 22:43:16,713: INFO: main: active run id is: f8bb0cda3a4c42c2b752395c0596de85]
[2024-07-10 22:43:16,713: INFO: main: active run id is: angry-bat-357]
[2024-07-10 22:49:40,774: INFO: main: loading config]
[2024-07-10 22:49:45,676: INFO: main: train test data loaded!!]
[2024-07-10 22:49:46,973: INFO: main: loading the trained model!]
[2024-07-10 22:49:47,388: INFO: main: testing!!]
[2024-07-10 22:49:57,948: INFO: evaluation: Accuracy Score = 0.9696969696969697]
[2024-07-10 22:49:57,949: INFO: evaluation: F1 Score (Micro) = 0.0]
[2024-07-10 22:49:57,949: INFO: evaluation: F1 Score (Macro) = 0.0]
[2024-07-11 21:51:22,951: INFO: main: loading config]
[2024-07-11 21:52:24,808: INFO: main: loading config]
[2024-07-11 21:52:28,310: INFO: main: train test data loaded!!]
[2024-07-11 21:52:30,331: INFO: main: bert model is loaded!!]
[2024-07-11 21:53:24,865: INFO: evaluation: Accuracy Score = 0.8181818181818182]
[2024-07-11 21:53:24,866: INFO: evaluation: F1 Score (Micro) = 0.0]
[2024-07-11 21:53:24,866: INFO: evaluation: F1 Score (Macro) = 0.0]
[2024-07-11 21:53:24,866: INFO: training: Checkpointing model at epoch 0 and accuracy is: 0.8181818181818182]
[2024-07-11 21:54:36,024: INFO: evaluation: Accuracy Score = 0.8181818181818182]
[2024-07-11 21:54:36,025: INFO: evaluation: F1 Score (Micro) = 0.0]
[2024-07-11 21:54:36,025: INFO: evaluation: F1 Score (Macro) = 0.0]
[2024-07-11 21:54:36,025: INFO: training: Checkpointing model at epoch 1 and accuracy is: 0.8181818181818182]
[2024-07-11 21:54:43,627: INFO: main: training is completed!!!]
[2024-07-11 21:54:59,776: INFO: evaluation: Accuracy Score = 0.9696969696969697]
[2024-07-11 21:54:59,777: INFO: evaluation: F1 Score (Micro) = 0.0]
[2024-07-11 21:54:59,777: INFO: evaluation: F1 Score (Macro) = 0.0]
[2024-07-11 21:54:59,779: INFO: main: active run id is: f905b64d17b045b894603b45cd53d319]
[2024-07-11 21:54:59,779: INFO: main: active run id is: unequaled-grouse-194]
